{"/Users/franco.dileo/Desktop/Dev/elite/react-hooks/src/App.tsx": {"path":"/Users/franco.dileo/Desktop/Dev/elite/react-hooks/src/App.tsx","all":true,"statementMap":{"0":{"start":{"line":1,"column":0},"end":{"line":1,"column":18}},"2":{"start":{"line":3,"column":0},"end":{"line":3,"column":47}},"3":{"start":{"line":4,"column":0},"end":{"line":4,"column":56}},"4":{"start":{"line":5,"column":0},"end":{"line":5,"column":16}},"5":{"start":{"line":6,"column":0},"end":{"line":6,"column":58}},"6":{"start":{"line":7,"column":0},"end":{"line":7,"column":44}},"7":{"start":{"line":8,"column":0},"end":{"line":8,"column":45}},"8":{"start":{"line":9,"column":0},"end":{"line":9,"column":29}},"9":{"start":{"line":10,"column":0},"end":{"line":10,"column":10}},"10":{"start":{"line":11,"column":0},"end":{"line":11,"column":6}},"11":{"start":{"line":12,"column":0},"end":{"line":12,"column":54}},"13":{"start":{"line":14,"column":0},"end":{"line":14,"column":13}},"14":{"start":{"line":15,"column":0},"end":{"line":15,"column":7}},"16":{"start":{"line":17,"column":0},"end":{"line":17,"column":1}},"18":{"start":{"line":19,"column":0},"end":{"line":19,"column":18}}},"s":{"0":0,"2":0,"3":0,"4":0,"5":0,"6":0,"7":0,"8":0,"9":0,"10":0,"11":0,"13":0,"14":0,"16":0,"18":0},"branchMap":{"0":{"type":"branch","line":1,"loc":{"start":{"line":1,"column":337},"end":{"line":19,"column":-294}},"locations":[{"start":{"line":1,"column":337},"end":{"line":19,"column":-294}}]}},"b":{"0":[0]},"fnMap":{"0":{"name":"(empty-report)","decl":{"start":{"line":1,"column":337},"end":{"line":19,"column":-294}},"loc":{"start":{"line":1,"column":337},"end":{"line":19,"column":-294}},"line":1}},"f":{"0":0}}
,"/Users/franco.dileo/Desktop/Dev/elite/react-hooks/src/index.ts": {"path":"/Users/franco.dileo/Desktop/Dev/elite/react-hooks/src/index.ts","all":true,"statementMap":{"0":{"start":{"line":1,"column":0},"end":{"line":1,"column":24}}},"s":{"0":0},"branchMap":{"0":{"type":"branch","line":1,"loc":{"start":{"line":1,"column":0},"end":{"line":1,"column":24}},"locations":[{"start":{"line":1,"column":0},"end":{"line":1,"column":24}}]}},"b":{"0":[0]},"fnMap":{"0":{"name":"(empty-report)","decl":{"start":{"line":1,"column":0},"end":{"line":1,"column":24}},"loc":{"start":{"line":1,"column":0},"end":{"line":1,"column":24}},"line":1}},"f":{"0":0}}
,"/Users/franco.dileo/Desktop/Dev/elite/react-hooks/src/main.tsx": {"path":"/Users/franco.dileo/Desktop/Dev/elite/react-hooks/src/main.tsx","all":true,"statementMap":{"0":{"start":{"line":1,"column":0},"end":{"line":1,"column":34}},"1":{"start":{"line":2,"column":0},"end":{"line":2,"column":45}},"2":{"start":{"line":3,"column":0},"end":{"line":3,"column":20}},"3":{"start":{"line":4,"column":0},"end":{"line":4,"column":27}},"5":{"start":{"line":6,"column":0},"end":{"line":6,"column":52}},"6":{"start":{"line":7,"column":0},"end":{"line":7,"column":14}},"7":{"start":{"line":8,"column":0},"end":{"line":8,"column":11}},"8":{"start":{"line":9,"column":0},"end":{"line":9,"column":16}},"9":{"start":{"line":10,"column":0},"end":{"line":10,"column":1}}},"s":{"0":0,"1":0,"2":0,"3":0,"5":0,"6":0,"7":0,"8":0,"9":0},"branchMap":{"0":{"type":"branch","line":1,"loc":{"start":{"line":1,"column":203},"end":{"line":10,"column":-148}},"locations":[{"start":{"line":1,"column":203},"end":{"line":10,"column":-148}}]}},"b":{"0":[0]},"fnMap":{"0":{"name":"(empty-report)","decl":{"start":{"line":1,"column":203},"end":{"line":10,"column":-148}},"loc":{"start":{"line":1,"column":203},"end":{"line":10,"column":-148}},"line":1}},"f":{"0":0}}
,"/Users/franco.dileo/Desktop/Dev/elite/react-hooks/src/hooks/index.ts": {"path":"/Users/franco.dileo/Desktop/Dev/elite/react-hooks/src/hooks/index.ts","all":true,"statementMap":{"0":{"start":{"line":1,"column":0},"end":{"line":1,"column":28}}},"s":{"0":0},"branchMap":{"0":{"type":"branch","line":1,"loc":{"start":{"line":1,"column":0},"end":{"line":1,"column":28}},"locations":[{"start":{"line":1,"column":0},"end":{"line":1,"column":28}}]}},"b":{"0":[0]},"fnMap":{"0":{"name":"(empty-report)","decl":{"start":{"line":1,"column":0},"end":{"line":1,"column":28}},"loc":{"start":{"line":1,"column":0},"end":{"line":1,"column":28}},"line":1}},"f":{"0":0}}
,"/Users/franco.dileo/Desktop/Dev/elite/react-hooks/src/hooks/useCounter.ts": {"path":"/Users/franco.dileo/Desktop/Dev/elite/react-hooks/src/hooks/useCounter.ts","all":false,"statementMap":{"0":{"start":{"line":1,"column":0},"end":{"line":1,"column":30}},"15":{"start":{"line":16,"column":0},"end":{"line":16,"column":80}},"17":{"start":{"line":18,"column":0},"end":{"line":18,"column":58}},"19":{"start":{"line":20,"column":0},"end":{"line":20,"column":56}},"20":{"start":{"line":21,"column":0},"end":{"line":21,"column":54}},"21":{"start":{"line":22,"column":0},"end":{"line":22,"column":46}},"23":{"start":{"line":24,"column":0},"end":{"line":24,"column":12}},"24":{"start":{"line":25,"column":0},"end":{"line":25,"column":18}},"25":{"start":{"line":26,"column":0},"end":{"line":26,"column":18}},"26":{"start":{"line":27,"column":0},"end":{"line":27,"column":14}},"27":{"start":{"line":28,"column":0},"end":{"line":28,"column":13}},"28":{"start":{"line":29,"column":0},"end":{"line":29,"column":5}},"29":{"start":{"line":30,"column":0},"end":{"line":30,"column":1}}},"s":{"0":1,"15":1,"17":8,"19":8,"20":8,"21":8,"23":8,"24":8,"25":8,"26":8,"27":8,"28":8,"29":8},"branchMap":{"0":{"type":"branch","line":16,"loc":{"start":{"line":16,"column":26},"end":{"line":30,"column":1}},"locations":[{"start":{"line":16,"column":26},"end":{"line":30,"column":1}}]},"1":{"type":"branch","line":20,"loc":{"start":{"line":20,"column":22},"end":{"line":20,"column":56}},"locations":[{"start":{"line":20,"column":22},"end":{"line":20,"column":56}}]},"2":{"type":"branch","line":21,"loc":{"start":{"line":21,"column":22},"end":{"line":21,"column":54}},"locations":[{"start":{"line":21,"column":22},"end":{"line":21,"column":54}}]},"3":{"type":"branch","line":22,"loc":{"start":{"line":22,"column":18},"end":{"line":22,"column":46}},"locations":[{"start":{"line":22,"column":18},"end":{"line":22,"column":46}}]}},"b":{"0":[8],"1":[2],"2":[1],"3":[1]},"fnMap":{"0":{"name":"useCounter","decl":{"start":{"line":16,"column":26},"end":{"line":30,"column":1}},"loc":{"start":{"line":16,"column":26},"end":{"line":30,"column":1}},"line":16},"1":{"name":"increment","decl":{"start":{"line":20,"column":22},"end":{"line":20,"column":56}},"loc":{"start":{"line":20,"column":22},"end":{"line":20,"column":56}},"line":20},"2":{"name":"decrement","decl":{"start":{"line":21,"column":22},"end":{"line":21,"column":54}},"loc":{"start":{"line":21,"column":22},"end":{"line":21,"column":54}},"line":21},"3":{"name":"reset","decl":{"start":{"line":22,"column":18},"end":{"line":22,"column":46}},"loc":{"start":{"line":22,"column":18},"end":{"line":22,"column":46}},"line":22}},"f":{"0":8,"1":2,"2":1,"3":1}}
,"/Users/franco.dileo/Desktop/Dev/elite/react-hooks/src/hooks/useThrottle.ts": {"path":"/Users/franco.dileo/Desktop/Dev/elite/react-hooks/src/hooks/useThrottle.ts","all":false,"statementMap":{"0":{"start":{"line":1,"column":0},"end":{"line":1,"column":38}},"1":{"start":{"line":2,"column":0},"end":{"line":2,"column":30}},"6":{"start":{"line":7,"column":0},"end":{"line":7,"column":77}},"7":{"start":{"line":8,"column":0},"end":{"line":8,"column":34}},"9":{"start":{"line":10,"column":0},"end":{"line":10,"column":27}},"10":{"start":{"line":11,"column":0},"end":{"line":11,"column":26}},"11":{"start":{"line":12,"column":0},"end":{"line":12,"column":12}},"13":{"start":{"line":14,"column":0},"end":{"line":14,"column":69}},"14":{"start":{"line":15,"column":0},"end":{"line":15,"column":30}},"15":{"start":{"line":16,"column":0},"end":{"line":16,"column":15}},"16":{"start":{"line":17,"column":0},"end":{"line":17,"column":13}},"17":{"start":{"line":18,"column":0},"end":{"line":18,"column":1}}},"s":{"0":1,"1":1,"6":1,"7":1,"9":1,"10":1,"11":1,"13":1,"14":1,"15":1,"16":1,"17":1},"branchMap":{"0":{"type":"branch","line":7,"loc":{"start":{"line":7,"column":7},"end":{"line":18,"column":1}},"locations":[{"start":{"line":7,"column":7},"end":{"line":18,"column":1}}]},"1":{"type":"branch","line":10,"loc":{"start":{"line":10,"column":20},"end":{"line":12,"column":7}},"locations":[{"start":{"line":10,"column":20},"end":{"line":12,"column":7}}]},"2":{"type":"branch","line":14,"loc":{"start":{"line":14,"column":25},"end":{"line":16,"column":15}},"locations":[{"start":{"line":14,"column":25},"end":{"line":16,"column":15}}]},"3":{"type":"branch","line":14,"loc":{"start":{"line":14,"column":40},"end":{"line":16,"column":8}},"locations":[{"start":{"line":14,"column":40},"end":{"line":16,"column":8}}]}},"b":{"0":[1],"1":[1],"2":[1],"3":[1]},"fnMap":{"0":{"name":"useThrottle","decl":{"start":{"line":7,"column":7},"end":{"line":18,"column":1}},"loc":{"start":{"line":7,"column":7},"end":{"line":18,"column":1}},"line":7}},"f":{"0":1}}
,"/Users/franco.dileo/Desktop/Dev/elite/react-hooks/src/hooks/windowsResize.ts": {"path":"/Users/franco.dileo/Desktop/Dev/elite/react-hooks/src/hooks/windowsResize.ts","all":false,"statementMap":{"4":{"start":{"line":5,"column":0},"end":{"line":5,"column":30}},"12":{"start":{"line":13,"column":0},"end":{"line":13,"column":55}},"14":{"start":{"line":15,"column":0},"end":{"line":15,"column":58}},"15":{"start":{"line":16,"column":0},"end":{"line":16,"column":33}},"16":{"start":{"line":17,"column":0},"end":{"line":17,"column":35}},"17":{"start":{"line":18,"column":0},"end":{"line":18,"column":8}},"19":{"start":{"line":20,"column":0},"end":{"line":20,"column":34}},"20":{"start":{"line":21,"column":0},"end":{"line":21,"column":24}},"21":{"start":{"line":22,"column":0},"end":{"line":22,"column":37}},"22":{"start":{"line":23,"column":0},"end":{"line":23,"column":38}},"23":{"start":{"line":24,"column":0},"end":{"line":24,"column":10}},"24":{"start":{"line":25,"column":0},"end":{"line":25,"column":9}},"27":{"start":{"line":28,"column":0},"end":{"line":28,"column":27}},"28":{"start":{"line":29,"column":0},"end":{"line":29,"column":51}},"30":{"start":{"line":31,"column":0},"end":{"line":31,"column":22}},"31":{"start":{"line":32,"column":0},"end":{"line":32,"column":58}},"32":{"start":{"line":33,"column":0},"end":{"line":33,"column":9}},"33":{"start":{"line":34,"column":0},"end":{"line":34,"column":6}},"34":{"start":{"line":35,"column":0},"end":{"line":35,"column":22}},"35":{"start":{"line":36,"column":0},"end":{"line":36,"column":1}}},"s":{"4":1,"12":1,"14":4,"15":4,"16":4,"17":4,"19":4,"20":1,"21":1,"22":1,"23":1,"24":1,"27":4,"28":4,"30":4,"31":4,"32":4,"33":4,"34":4,"35":4},"branchMap":{"0":{"type":"branch","line":13,"loc":{"start":{"line":13,"column":7},"end":{"line":36,"column":1}},"locations":[{"start":{"line":13,"column":7},"end":{"line":36,"column":1}}]},"1":{"type":"branch","line":20,"loc":{"start":{"line":20,"column":21},"end":{"line":25,"column":9}},"locations":[{"start":{"line":20,"column":21},"end":{"line":25,"column":9}}]},"2":{"type":"branch","line":28,"loc":{"start":{"line":28,"column":20},"end":{"line":34,"column":5}},"locations":[{"start":{"line":28,"column":20},"end":{"line":34,"column":5}}]},"3":{"type":"branch","line":31,"loc":{"start":{"line":31,"column":15},"end":{"line":33,"column":9}},"locations":[{"start":{"line":31,"column":15},"end":{"line":33,"column":9}}]}},"b":{"0":[4],"1":[1],"2":[4],"3":[4]},"fnMap":{"0":{"name":"useWindowsResize","decl":{"start":{"line":13,"column":7},"end":{"line":36,"column":1}},"loc":{"start":{"line":13,"column":7},"end":{"line":36,"column":1}},"line":13},"1":{"name":"onResize","decl":{"start":{"line":20,"column":21},"end":{"line":25,"column":9}},"loc":{"start":{"line":20,"column":21},"end":{"line":25,"column":9}},"line":20}},"f":{"0":4,"1":1}}
}
